<?xml version="1.0" encoding="UTF-8"?>
<!-- Generated by org.testng.reporters.JUnitXMLReporter -->
<testsuite ignored="2" hostname="DESKTOP-0CKFBBD" failures="0" tests="1" name="Default test" time="60.289" errors="0" timestamp="2024-05-09T16:52:31 IST">
  <testcase classname="driverFactory.AppTest" name="startTest" time="45.199"/>
  <testcase classname="config.AppUtil" name="@BeforeTest setUp" time="0.0">
    <ignored/>
  </testcase> <!-- @BeforeTest setUp -->
  <testcase classname="config.AppUtil" name="@AfterTest tearDown" time="0.0">
    <ignored/>
  </testcase> <!-- @AfterTest tearDown -->
</testsuite> <!-- Default test -->
